#! /usr/bin/vvp
:ivl_version "0.9.7 " "(v0_9_7)";
:vpi_time_precision + 0;
:vpi_module "system";
:vpi_module "v2005_math";
:vpi_module "va_math";
S_0x11f1760 .scope module, "arbiter_tb" "arbiter_tb" 2 20;
 .timescale 0 0;
v0x123a080_0 .var "clock", 0 0;
v0x123a120_0 .var "in0", 0 0;
v0x123a1d0_0 .var "in1", 0 0;
v0x123a280_0 .net "out0", 0 0, v0x1239e50_0; 1 drivers
v0x123a360_0 .net "out1", 0 0, v0x1239f00_0; 1 drivers
v0x123a410_0 .var "reset", 0 0;
S_0x1227a80 .scope module, "U0" "arbiter" 2 44, 2 1, S_0x11f1760;
 .timescale 0 0;
v0x1227b70_0 .net "clock", 0 0, v0x123a080_0; 1 drivers
v0x1239d10_0 .net "in_0", 0 0, v0x123a120_0; 1 drivers
v0x1239db0_0 .net "in_1", 0 0, v0x123a1d0_0; 1 drivers
v0x1239e50_0 .var "out_0", 0 0;
v0x1239f00_0 .var "out_1", 0 0;
v0x1239fa0_0 .net "reset", 0 0, v0x123a410_0; 1 drivers
E_0x11f1690 .event posedge, v0x1239fa0_0, v0x1227b70_0;
    .scope S_0x1227a80;
T_0 ;
    %wait E_0x11f1690;
    %load/v 8, v0x1239fa0_0, 1;
    %jmp/0xz  T_0.0, 8;
    %ix/load 0, 1, 0;
    %assign/v0 v0x1239e50_0, 0, 0;
    %ix/load 0, 1, 0;
    %assign/v0 v0x1239f00_0, 0, 0;
    %jmp T_0.1;
T_0.0 ;
    %load/v 8, v0x1239d10_0, 1;
    %jmp/0xz  T_0.2, 8;
    %ix/load 0, 1, 0;
    %assign/v0 v0x1239e50_0, 0, 1;
    %ix/load 0, 1, 0;
    %assign/v0 v0x1239f00_0, 0, 0;
    %jmp T_0.3;
T_0.2 ;
    %load/v 8, v0x1239db0_0, 1;
    %jmp/0xz  T_0.4, 8;
    %ix/load 0, 1, 0;
    %assign/v0 v0x1239e50_0, 0, 0;
    %ix/load 0, 1, 0;
    %assign/v0 v0x1239f00_0, 0, 1;
T_0.4 ;
T_0.3 ;
T_0.1 ;
    %jmp T_0;
    .thread T_0;
    .scope S_0x11f1760;
T_1 ;
    %vpi_call 2 24 "$monitor", "in0=%b, in1=%b, out0=%b, out=%b", v0x123a120_0, v0x123a1d0_0, v0x123a280_0, v0x123a360_0;
    %set/v v0x123a080_0, 0, 1;
    %set/v v0x123a410_0, 0, 1;
    %set/v v0x123a120_0, 0, 1;
    %set/v v0x123a1d0_0, 0, 1;
    %delay 5, 0;
    %set/v v0x123a410_0, 1, 1;
    %delay 15, 0;
    %set/v v0x123a410_0, 0, 1;
    %delay 10, 0;
    %set/v v0x123a120_0, 1, 1;
    %delay 10, 0;
    %set/v v0x123a120_0, 0, 1;
    %delay 10, 0;
    %set/v v0x123a1d0_0, 1, 1;
    %delay 10, 0;
    %set/v v0x123a1d0_0, 0, 1;
    %delay 10, 0;
    %set/v v0x123a1d0_0, 1, 1;
    %set/v v0x123a120_0, 1, 1;
    %delay 10, 0;
    %set/v v0x123a1d0_0, 0, 1;
    %set/v v0x123a120_0, 0, 1;
    %delay 10, 0;
    %vpi_call 2 37 "$finish";
    %end;
    .thread T_1;
    .scope S_0x11f1760;
T_2 ;
    %delay 5, 0;
    %load/v 8, v0x123a080_0, 1;
    %inv 8, 1;
    %set/v v0x123a080_0, 8, 1;
    %jmp T_2;
    .thread T_2;
# The file index is used to find the file name in the following table.
:file_names 3;
    "N/A";
    "<interactive>";
    "arbiter.v";
